[05:48:02] [ServerMain/INFO]: [bootstrap] Running Java 21 (OpenJDK 64-Bit Server VM 21.0.8+9-Ubuntu-0ubuntu124.04.1; Ubuntu null) on Linux 6.8.0-1030-azure (amd64)
[05:48:02] [ServerMain/INFO]: [bootstrap] Loading Paper 1.21.8-6-main@782ce95 (2025-07-18T20:26:58Z) for Minecraft 1.21.8
[05:48:02] [ServerMain/INFO]: [PluginInitializerManager] Initializing plugins...
[05:48:02] [Paper Plugin Remapper Thread - 2/INFO]: [PluginRemapper] Remapping plugin 'plugins/SkinsRestorer.jar'...
[05:48:03] [Paper Plugin Remapper Thread - 3/INFO]: [PluginRemapper] Remapping plugin 'plugins/floodgate-spigot.jar'...
[05:48:08] [Paper Plugin Remapper Thread - 2/INFO]: [PluginRemapper] Done remapping plugin 'plugins/SkinsRestorer.jar' in 5721ms.
[05:48:10] [Paper Plugin Remapper Thread - 3/INFO]: [PluginRemapper] Done remapping plugin 'plugins/floodgate-spigot.jar' in 7541ms.
[05:48:10] [ServerMain/INFO]: [PluginInitializerManager] Initialized 3 plugins
[05:48:10] [ServerMain/INFO]: [PluginInitializerManager] Bukkit plugins (3):
 - Geyser-Spigot (2.8.3-SNAPSHOT), SkinsRestorer (15.7.8), floodgate (2.2.4-SNAPSHOT (b118-40d320a))
[05:48:19] [ServerMain/INFO]: Environment: Environment[sessionHost=https://sessionserver.mojang.com, servicesHost=https://api.minecraftservices.com, name=PROD]
[05:48:22] [ServerMain/INFO]: Loaded 1407 recipes
[05:48:22] [ServerMain/INFO]: Loaded 1520 advancements
[05:48:22] [ServerMain/INFO]: [ca.spottedleaf.dataconverter.minecraft.datatypes.MCTypeRegistry] Initialising converters for DataConverter...
[05:48:22] [ServerMain/INFO]: [ca.spottedleaf.dataconverter.minecraft.datatypes.MCTypeRegistry] Finished initialising converters for DataConverter in 690.4ms
[05:48:22] [Server thread/INFO]: Starting minecraft server version 1.21.8
[05:48:22] [Server thread/INFO]: Loading properties
[05:48:23] [Server thread/INFO]: This server is running Paper version 1.21.8-6-main@782ce95 (2025-07-18T20:26:58Z) (Implementing API version 1.21.8-R0.1-SNAPSHOT)
[05:48:23] [Server thread/INFO]: [spark] This server bundles the spark profiler. For more information please visit https://docs.papermc.io/paper/profiling
[05:48:23] [Server thread/INFO]: Server Ping Player Sample Count: 12
[05:48:23] [Server thread/INFO]: Using 4 threads for Netty based IO
[05:48:24] [Server thread/INFO]: [MoonriseCommon] Paper is using 1 worker threads, 1 I/O threads
[05:48:24] [Server thread/INFO]: [ChunkTaskScheduler] Chunk system is using population gen parallelism: true
[05:48:25] [Server thread/INFO]: Default game type: SURVIVAL
[05:48:25] [Server thread/INFO]: Generating keypair
[05:48:25] [Server thread/INFO]: Starting Minecraft server on *:25565
[05:48:25] [Server thread/INFO]: Using epoll channel type
[05:48:25] [Server thread/INFO]: Paper: Using libdeflate (Linux x86_64) compression from Velocity.
[05:48:25] [Server thread/INFO]: Paper: Using OpenSSL 3.x.x (Linux x86_64) cipher from Velocity.
[05:48:26] [Server thread/INFO]: [floodgate] Loading server plugin floodgate v2.2.4-SNAPSHOT (b118-40d320a)
[05:48:27] [Server thread/WARN]: [floodgate] en_ is not a supported Floodgate language.
[05:48:27] [Server thread/INFO]: [floodgate] Took 1,511ms to boot Floodgate
[05:48:27] [Server thread/INFO]: [Geyser-Spigot] Loading server plugin Geyser-Spigot v2.8.3-SNAPSHOT
[05:48:29] [Server thread/INFO]: [Geyser-Spigot] Loading extensions...
[05:48:29] [Server thread/INFO]: [Geyser-Spigot] Loaded 0 extension(s)
[05:48:29] [Server thread/INFO]: [SkinsRestorer] Loading server plugin SkinsRestorer v15.7.8
[05:48:29] [Server thread/INFO]: Server permissions file permissions.yml is empty, ignoring it
[05:48:29] [Server thread/INFO]: [SkinsRestorer] Enabling SkinsRestorer v15.7.8
[05:48:30] [Server thread/INFO]: [SkinsRestorer] Running on Minecraft 1.21.8.
[05:48:30] [Server thread/INFO]: [SkinsRestorer] Floodgate skin listener registered
[05:48:31] [Server thread/INFO]: [SkinsRestorer] Using paper join listener!
[05:48:31] [Server thread/WARN]: **** SERVER IS RUNNING IN OFFLINE/INSECURE MODE!
[05:48:31] [Server thread/WARN]: The server will make no attempt to authenticate usernames. Beware.
[05:48:31] [Server thread/WARN]: While this makes the game possible to play without internet access, it also opens up the ability for hackers to connect with any username they choose.
[05:48:31] [Server thread/WARN]: To change this, set "online-mode" to "true" in the server.properties file.
[05:48:31] [Server thread/INFO]: Preparing level "world"
[05:48:31] [Folia Async Scheduler Thread #2/INFO]: [SkinsRestorer] ----------------------------------------------
[05:48:31] [Folia Async Scheduler Thread #2/INFO]: [SkinsRestorer]     +==================+
[05:48:31] [Folia Async Scheduler Thread #2/INFO]: [SkinsRestorer]     |   SkinsRestorer  |
[05:48:31] [Folia Async Scheduler Thread #2/INFO]: [SkinsRestorer]     |------------------|
[05:48:31] [Folia Async Scheduler Thread #2/INFO]: [SkinsRestorer]     |  Standalone Mode |
[05:48:31] [Folia Async Scheduler Thread #2/INFO]: [SkinsRestorer]     +==================+
[05:48:31] [Folia Async Scheduler Thread #2/INFO]: [SkinsRestorer] ----------------------------------------------
[05:48:31] [Folia Async Scheduler Thread #2/INFO]: [SkinsRestorer]     Version: 15.7.8
[05:48:31] [Folia Async Scheduler Thread #2/INFO]: [SkinsRestorer]     Commit: 8c78340
[05:48:31] [Folia Async Scheduler Thread #2/INFO]: [SkinsRestorer]     A new version (15.7.9) is available! Downloading update...
[05:48:31] [Folia Async Scheduler Thread #2/INFO]: [SkinsRestorer] ----------------------------------------------
[05:48:31] [Folia Async Scheduler Thread #2/INFO]: [SkinsRestorer] Do you have issues? Read our troubleshooting guide: https://skinsrestorer.net/docs/troubleshooting
[05:48:31] [Folia Async Scheduler Thread #2/INFO]: [SkinsRestorer] Want to support SkinsRestorer? Consider donating: https://skinsrestorer.net/donate
[05:48:31] [Folia Async Scheduler Thread #2/INFO]: [SkinsRestorer] [GitHubUpdate] Downloading update...
[05:48:32] [Folia Async Scheduler Thread #2/INFO]: [SkinsRestorer] [GitHubUpdate] Downloaded update in 820ms
[05:48:32] [Folia Async Scheduler Thread #2/INFO]: [SkinsRestorer] [GitHubUpdate] Update saved as SkinsRestorer.jar
[05:48:32] [Folia Async Scheduler Thread #2/INFO]: [SkinsRestorer] [GitHubUpdate] The update will be loaded on the next server restart
[05:48:32] [Server thread/INFO]: Preparing start region for dimension minecraft:overworld
[05:48:32] [Server thread/INFO]: Preparing spawn area: 0%
[05:48:33] [Server thread/INFO]: Preparing spawn area: 2%
[05:48:34] [Server thread/INFO]: Preparing spawn area: 2%
[05:48:34] [Server thread/INFO]: Preparing spawn area: 2%
[05:48:35] [Server thread/INFO]: Preparing spawn area: 4%
[05:48:35] [Server thread/INFO]: Preparing spawn area: 4%
[05:48:35] [Server thread/INFO]: Time elapsed: 2800 ms
[05:48:35] [Server thread/INFO]: Preparing start region for dimension minecraft:the_nether
[05:48:35] [Server thread/INFO]: Preparing spawn area: 0%
[05:48:35] [Server thread/INFO]: Time elapsed: 357 ms
[05:48:35] [Server thread/INFO]: Preparing start region for dimension minecraft:the_end
[05:48:35] [Server thread/INFO]: Preparing spawn area: 0%
[05:48:35] [Server thread/INFO]: Time elapsed: 355 ms
[05:48:35] [Server thread/INFO]: [floodgate] Enabling floodgate v2.2.4-SNAPSHOT (b118-40d320a)
[05:48:36] [Server thread/INFO]: [Geyser-Spigot] Enabling Geyser-Spigot v2.8.3-SNAPSHOT
[05:48:39] [Server thread/INFO]: [spark] Starting background profiler...
[05:48:39] [Server thread/INFO]: [Geyser-Spigot] ******************************************
[05:48:39] [Server thread/INFO]: [Geyser-Spigot] 
[05:48:39] [Server thread/INFO]: [Geyser-Spigot] Loading Geyser version 2.8.3-b907 (git-master-c23ac5c)
[05:48:39] [Server thread/INFO]: [Geyser-Spigot] 
[05:48:39] [Server thread/INFO]: [Geyser-Spigot] ******************************************
[05:48:47] [GeyserServer-3-1/INFO]: [Geyser-Spigot] Started Geyser on UDP port 19132
[05:48:47] [Server thread/INFO]: [Geyser-Spigot] Done (7.964s)! Run /geyser help for help!
[05:48:47] [Thread-11/WARN]: [Geyser-Spigot] Missing MC locale file: en_us
[05:48:47] [Thread-16/INFO]: [Geyser-Spigot] Downloading Minecraft JAR to extract required files, please wait... (this may take some time depending on the speed of your internet connection)
[05:48:48] [Server thread/INFO]: Done preparing level "world" (16.738s)
[05:48:48] [Server thread/INFO]: Running delayed init tasks
[05:48:48] [Server thread/INFO]: Done (47.001s)! For help, type "help"
[05:48:49] [Thread-16/INFO]: [Geyser-Spigot] Minecraft JAR has been successfully downloaded and loaded!
[05:49:31] [GeyserServerChild-4-1/INFO]: [Geyser-Spigot] Player connected with username LexWhis
[05:49:31] [localSession-7-2/INFO]: [Geyser-Spigot] LexWhis (logged in as: LexWhis) has connected to the Java server
[05:49:31] [Server thread/INFO]: [HorriblePlayerLoginEventHack] You have plugins listening to the PlayerLoginEvent, this will cause re-configuration APIs to be unavailable: [SkinsRestorer]
[05:49:32] [Server thread/INFO]: [floodgate] Floodgate player logged in as .LexWhis joined (UUID: 00000000-0000-0000-0009-01f5e4bcd8fa)
[05:49:32] [Server thread/INFO]: .LexWhis joined the game
[05:49:32] [Server thread/INFO]: .LexWhis[/127.156.169.65:0] logged in with entity id 30 at ([world]6.5, 71.0, 0.5)
[05:50:28] [Geyser Spigot connection thread-6-3/INFO]: [floodgate] Floodgate player logged in as .LexWhis disconnected
[05:50:28] [GeyserServerChild-4-1/INFO]: [Geyser-Spigot] LexWhis has disconnected from the Java server because of Bedrock client disconnected
[05:50:28] [Server thread/INFO]: .LexWhis lost connection: Disconnected
[05:50:28] [Server thread/INFO]: .LexWhis left the game
[05:53:06] [Server thread/INFO]: Stopping the server
[05:53:06] [Server thread/INFO]: Stopping server
[05:53:06] [Server thread/INFO]: [SkinsRestorer] Disabling SkinsRestorer v15.7.8
[05:53:06] [Server thread/INFO]: [Geyser-Spigot] Disabling Geyser-Spigot v2.8.3-SNAPSHOT
[05:53:06] [Server thread/INFO]: [Geyser-Spigot] Shutting down Geyser.
[05:53:06] [Server thread/INFO]: [Geyser-Spigot] Geyser shutdown successfully.
[05:53:06] [Server thread/INFO]: [floodgate] Disabling floodgate v2.2.4-SNAPSHOT (b118-40d320a)
[05:53:07] [Server thread/INFO]: Saving players
[05:53:07] [WebSocketConnectReadThread-87/INFO]: [Geyser-Spigot] The skin uploader has been closed
[05:53:07] [Server thread/INFO]: Saving worlds
[05:53:07] [Server thread/INFO]: Saving chunks for level 'ServerLevel[world]'/minecraft:overworld
[05:53:07] [Server thread/INFO]: [ChunkHolderManager] Waiting 60s for chunk system to halt for world 'world'
[05:53:07] [Server thread/INFO]: [ChunkHolderManager] Halted chunk system for world 'world'
[05:53:07] [Server thread/INFO]: [ChunkHolderManager] Saving all chunkholders for world 'world'
[05:53:09] [Server thread/INFO]: [ChunkHolderManager] Saved 841 block chunks, 551 entity chunks, 3 poi chunks in world 'world' in 2.36s
[05:53:09] [Server thread/INFO]: [ChunkHolderManager] Waiting 60s for chunk I/O to halt for world 'world'
[05:53:09] [Server thread/INFO]: [ChunkHolderManager] Halted I/O scheduler for world 'world'
[05:53:09] [Server thread/INFO]: Saving chunks for level 'ServerLevel[world_nether]'/minecraft:the_nether
[05:53:09] [Server thread/INFO]: [ChunkHolderManager] Waiting 60s for chunk system to halt for world 'world_nether'
[05:53:09] [Server thread/INFO]: [ChunkHolderManager] Halted chunk system for world 'world_nether'
[05:53:09] [Server thread/INFO]: [ChunkHolderManager] Saving all chunkholders for world 'world_nether'
[05:53:09] [Server thread/INFO]: [ChunkHolderManager] Saved 49 block chunks, 49 entity chunks, 0 poi chunks in world 'world_nether' in 0.28s
[05:53:09] [Server thread/INFO]: [ChunkHolderManager] Waiting 60s for chunk I/O to halt for world 'world_nether'
[05:53:09] [Server thread/INFO]: [ChunkHolderManager] Halted I/O scheduler for world 'world_nether'
[05:53:09] [Server thread/INFO]: Saving chunks for level 'ServerLevel[world_the_end]'/minecraft:the_end
[05:53:09] [Server thread/INFO]: [ChunkHolderManager] Waiting 60s for chunk system to halt for world 'world_the_end'
[05:53:09] [Server thread/INFO]: [ChunkHolderManager] Halted chunk system for world 'world_the_end'
[05:53:09] [Server thread/INFO]: [ChunkHolderManager] Saving all chunkholders for world 'world_the_end'
[05:53:09] [Server thread/INFO]: [ChunkHolderManager] Saved 49 block chunks, 49 entity chunks, 0 poi chunks in world 'world_the_end' in 0.07s
[05:53:09] [Server thread/INFO]: [ChunkHolderManager] Waiting 60s for chunk I/O to halt for world 'world_the_end'
[05:53:09] [Server thread/INFO]: [ChunkHolderManager] Halted I/O scheduler for world 'world_the_end'
[05:53:09] [Server thread/INFO]: ThreadedAnvilChunkStorage (world): All chunks are saved
[05:53:09] [Server thread/INFO]: ThreadedAnvilChunkStorage (DIM-1): All chunks are saved
[05:53:09] [Server thread/INFO]: ThreadedAnvilChunkStorage (DIM1): All chunks are saved
[05:53:09] [Server thread/INFO]: ThreadedAnvilChunkStorage: All dimensions are saved
[05:53:09] [Server thread/INFO]: Waiting for all RegionFile I/O tasks to complete...
[05:53:09] [Server thread/INFO]: All RegionFile I/O tasks to complete
[05:53:09] [Server thread/INFO]: [MoonriseCommon] Awaiting termination of worker pool for up to 60s...
[05:53:09] [Server thread/INFO]: [MoonriseCommon] Awaiting termination of I/O pool for up to 60s...
